<?xml version="1.0" encoding="UTF-8"?>
<testsuite name="me.shinsunyoung.springbootdeveloper.controller.TokenApiControllerTest" tests="1" skipped="0" failures="0" errors="0" timestamp="2023-07-28T05:08:41" hostname="DESKTOP-1D04451" time="0.67">
  <properties/>
  <testcase name="새로운 액세스 토큰을 발급한다." classname="me.shinsunyoung.springbootdeveloper.controller.TokenApiControllerTest" time="0.67"/>
  <system-out><![CDATA[14:08:35.348 [Test worker] DEBUG org.springframework.boot.test.context.SpringBootTestContextBootstrapper - Neither @ContextConfiguration nor @ContextHierarchy found for test class [TokenApiControllerTest]: using SpringBootContextLoader
14:08:35.361 [Test worker] DEBUG org.springframework.test.context.support.AbstractContextLoader - Could not detect default resource locations for test class [me.shinsunyoung.springbootdeveloper.controller.TokenApiControllerTest]: no resource found for suffixes {-context.xml, Context.groovy}.
14:08:35.363 [Test worker] INFO org.springframework.test.context.support.AnnotationConfigContextLoaderUtils - Could not detect default configuration classes for test class [me.shinsunyoung.springbootdeveloper.controller.TokenApiControllerTest]: TokenApiControllerTest does not declare any static, non-private, non-final, nested classes annotated with @Configuration.
14:08:35.436 [Test worker] DEBUG org.springframework.boot.test.context.SpringBootTestContextBootstrapper - Using ContextCustomizers for test class [TokenApiControllerTest]: [DisableObservabilityContextCustomizer, PropertyMappingContextCustomizer, Customizer, ImportsContextCustomizer, ExcludeFilterContextCustomizer, DuplicateJsonObjectContextCustomizer, MockitoContextCustomizer, TestRestTemplateContextCustomizer]
14:08:35.553 [Test worker] DEBUG org.springframework.context.annotation.ClassPathScanningCandidateComponentProvider - Identified candidate component class: file [C:\Users\Youngjin\Desktop\git_repo\spring_authentication\build\classes\java\main\me\shinsunyoung\springbootdeveloper\SpringBootDeveloperApplication.class]
14:08:35.556 [Test worker] INFO org.springframework.boot.test.context.SpringBootTestContextBootstrapper - Found @SpringBootConfiguration me.shinsunyoung.springbootdeveloper.SpringBootDeveloperApplication for test class me.shinsunyoung.springbootdeveloper.controller.TokenApiControllerTest
14:08:35.691 [Test worker] DEBUG org.springframework.boot.test.context.SpringBootTestContextBootstrapper - Using TestExecutionListeners for test class [TokenApiControllerTest]: [ServletTestExecutionListener, DirtiesContextBeforeModesTestExecutionListener, ApplicationEventsTestExecutionListener, MockitoTestExecutionListener, DependencyInjectionTestExecutionListener, DirtiesContextTestExecutionListener, TransactionalTestExecutionListener, SqlScriptsTestExecutionListener, WithSecurityContextTestExecutionListener, EventPublishingTestExecutionListener, ReactorContextTestExecutionListener, RestDocsTestExecutionListener, MockRestServiceServerResetTestExecutionListener, MockMvcPrintOnlyOnFailureTestExecutionListener, WebDriverTestExecutionListener, MockWebServiceServerTestExecutionListener, ResetMocksTestExecutionListener]
14:08:35.693 [Test worker] DEBUG org.springframework.test.context.support.AbstractDirtiesContextTestExecutionListener - Before test class: class [TokenApiControllerTest], class annotated with @DirtiesContext [false] with mode [null]

  .   ____          _            __ _ _
 /\\ / ___'_ __ _ _(_)_ __  __ _ \ \ \ \
( ( )\___ | '_ | '_| | '_ \/ _` | \ \ \ \
 \\/  ___)| |_)| | | | | || (_| |  ) ) ) )
  '  |____| .__|_| |_|_| |_\__, | / / / /
 =========|_|==============|___/=/_/_/_/
 :: Spring Boot ::                (v3.0.2)

2023-07-28T14:08:36.205+09:00  INFO 472 --- [    Test worker] m.s.s.controller.TokenApiControllerTest  : Starting TokenApiControllerTest using Java 17.0.8 with PID 472 (started by Youngjin in C:\Users\Youngjin\Desktop\git_repo\spring_authentication)
2023-07-28T14:08:36.207+09:00  INFO 472 --- [    Test worker] m.s.s.controller.TokenApiControllerTest  : No active profile set, falling back to 1 default profile: "default"
2023-07-28T14:08:37.362+09:00  INFO 472 --- [    Test worker] .s.d.r.c.RepositoryConfigurationDelegate : Bootstrapping Spring Data JPA repositories in DEFAULT mode.
2023-07-28T14:08:37.460+09:00  INFO 472 --- [    Test worker] .s.d.r.c.RepositoryConfigurationDelegate : Finished Spring Data repository scanning in 85 ms. Found 3 JPA repository interfaces.
2023-07-28T14:08:38.137+09:00  INFO 472 --- [    Test worker] com.zaxxer.hikari.HikariDataSource       : HikariPool-1 - Starting...
2023-07-28T14:08:38.415+09:00  INFO 472 --- [    Test worker] com.zaxxer.hikari.pool.HikariPool        : HikariPool-1 - Added connection conn0: url=jdbc:h2:mem:testdb user=SA
2023-07-28T14:08:38.418+09:00  INFO 472 --- [    Test worker] com.zaxxer.hikari.HikariDataSource       : HikariPool-1 - Start completed.
2023-07-28T14:08:38.492+09:00  INFO 472 --- [    Test worker] o.hibernate.jpa.internal.util.LogHelper  : HHH000204: Processing PersistenceUnitInfo [name: default]
2023-07-28T14:08:38.585+09:00  INFO 472 --- [    Test worker] org.hibernate.Version                    : HHH000412: Hibernate ORM core version 6.1.6.Final
2023-07-28T14:08:38.884+09:00  WARN 472 --- [    Test worker] org.hibernate.orm.deprecation            : HHH90000021: Encountered deprecated setting [javax.persistence.sharedCache.mode], use [jakarta.persistence.sharedCache.mode] instead
2023-07-28T14:08:39.092+09:00  INFO 472 --- [    Test worker] SQL dialect                              : HHH000400: Using dialect: org.hibernate.dialect.H2Dialect
Hibernate: 
    
    drop table if exists article cascade 
Hibernate: 
    
    drop table if exists refresh_token cascade 
Hibernate: 
    
    drop table if exists users cascade 
Hibernate: 
    
    create table article (
       id bigint generated by default as identity,
        content varchar(255) not null,
        created_at timestamp(6),
        title varchar(255) not null,
        updated_at timestamp(6),
        primary key (id)
    )
Hibernate: 
    
    create table refresh_token (
       id bigint generated by default as identity,
        refresh_token varchar(255) not null,
        user_id bigint not null,
        primary key (id)
    )
Hibernate: 
    
    create table users (
       id bigint generated by default as identity,
        email varchar(255) not null,
        password varchar(255),
        primary key (id)
    )
Hibernate: 
    
    alter table if exists refresh_token 
       add constraint UK_f95ixxe7pa48ryn1awmh2evt7 unique (user_id)
Hibernate: 
    
    alter table if exists users 
       add constraint UK_6dotkott2kjsp8vw4d0m25fb7 unique (email)
2023-07-28T14:08:40.092+09:00  INFO 472 --- [    Test worker] o.h.e.t.j.p.i.JtaPlatformInitiator       : HHH000490: Using JtaPlatform implementation: [org.hibernate.engine.transaction.jta.platform.internal.NoJtaPlatform]
2023-07-28T14:08:40.107+09:00  INFO 472 --- [    Test worker] j.LocalContainerEntityManagerFactoryBean : Initialized JPA EntityManagerFactory for persistence unit 'default'
2023-07-28T14:08:40.627+09:00  WARN 472 --- [    Test worker] JpaBaseConfiguration$JpaWebConfiguration : spring.jpa.open-in-view is enabled by default. Therefore, database queries may be performed during view rendering. Explicitly configure spring.jpa.open-in-view to disable this warning
2023-07-28T14:08:41.078+09:00  INFO 472 --- [    Test worker] o.s.s.web.DefaultSecurityFilterChain     : Will secure any request with [org.springframework.security.web.session.DisableEncodeUrlFilter@7ec75228, org.springframework.security.web.context.request.async.WebAsyncManagerIntegrationFilter@55cf5626, org.springframework.security.web.context.SecurityContextHolderFilter@308d4981, org.springframework.security.web.header.HeaderWriterFilter@1e9f6095, org.springframework.security.web.authentication.logout.LogoutFilter@3c1d6ef0, org.springframework.security.web.authentication.UsernamePasswordAuthenticationFilter@6164b3a2, org.springframework.security.web.savedrequest.RequestCacheAwareFilter@750adad8, org.springframework.security.web.servletapi.SecurityContextHolderAwareRequestFilter@752fecbf, org.springframework.security.web.authentication.AnonymousAuthenticationFilter@8de8b07, org.springframework.security.web.access.ExceptionTranslationFilter@50fe5df2, org.springframework.security.web.access.intercept.AuthorizationFilter@4e53c6ef]
2023-07-28T14:08:41.438+09:00  INFO 472 --- [    Test worker] o.s.b.a.h2.H2ConsoleAutoConfiguration    : H2 console available at '/h2-console'. Database available at 'jdbc:h2:mem:testdb'
2023-07-28T14:08:41.525+09:00  WARN 472 --- [    Test worker] o.s.s.c.a.web.builders.WebSecurity       : You are asking Spring Security to ignore org.springframework.boot.autoconfigure.security.servlet.PathRequest$H2ConsoleRequestMatcher@4b74a4d. This is not recommended -- please use permitAll via HttpSecurity#authorizeHttpRequests instead.
2023-07-28T14:08:41.526+09:00  INFO 472 --- [    Test worker] o.s.s.web.DefaultSecurityFilterChain     : Will not secure org.springframework.boot.autoconfigure.security.servlet.PathRequest$H2ConsoleRequestMatcher@4b74a4d
2023-07-28T14:08:41.527+09:00  WARN 472 --- [    Test worker] o.s.s.c.a.web.builders.WebSecurity       : You are asking Spring Security to ignore Mvc [pattern='/static/**']. This is not recommended -- please use permitAll via HttpSecurity#authorizeHttpRequests instead.
2023-07-28T14:08:41.528+09:00  INFO 472 --- [    Test worker] o.s.s.web.DefaultSecurityFilterChain     : Will not secure Mvc [pattern='/static/**']
2023-07-28T14:08:41.609+09:00  INFO 472 --- [    Test worker] o.s.b.t.m.w.SpringBootMockServletContext : Initializing Spring TestDispatcherServlet ''
2023-07-28T14:08:41.609+09:00  INFO 472 --- [    Test worker] o.s.t.web.servlet.TestDispatcherServlet  : Initializing Servlet ''
2023-07-28T14:08:41.611+09:00  INFO 472 --- [    Test worker] o.s.t.web.servlet.TestDispatcherServlet  : Completed initialization in 1 ms
2023-07-28T14:08:41.650+09:00  INFO 472 --- [    Test worker] m.s.s.controller.TokenApiControllerTest  : Started TokenApiControllerTest in 5.885 seconds (process running for 7.549)
2023-07-28T14:08:41.886+09:00  INFO 472 --- [    Test worker] o.s.b.t.m.w.SpringBootMockServletContext : Initializing Spring TestDispatcherServlet ''
2023-07-28T14:08:41.886+09:00  INFO 472 --- [    Test worker] o.s.t.web.servlet.TestDispatcherServlet  : Initializing Servlet ''
2023-07-28T14:08:41.887+09:00  INFO 472 --- [    Test worker] o.s.t.web.servlet.TestDispatcherServlet  : Completed initialization in 1 ms
Hibernate: 
    select
        u1_0.id,
        u1_0.email,
        u1_0.password 
    from
        users u1_0
Hibernate: 
    insert 
    into
        users
        (id, email, password) 
    values
        (default, ?, ?)
Hibernate: 
    insert 
    into
        refresh_token
        (id, refresh_token, user_id) 
    values
        (default, ?, ?)
Hibernate: 
    select
        r1_0.id,
        r1_0.refresh_token,
        r1_0.user_id 
    from
        refresh_token r1_0 
    where
        r1_0.refresh_token=?
Hibernate: 
    select
        u1_0.id,
        u1_0.email,
        u1_0.password 
    from
        users u1_0 
    where
        u1_0.id=?
]]></system-out>
  <system-err><![CDATA[]]></system-err>
</testsuite>
